This is pdfTeX, Version 3.14159265-2.6-1.40.18 (TeX Live 2017/Debian) (preloaded format=pdflatex 2019.7.6)  10 AUG 2020 09:35
entering extended mode
 restricted \write18 enabled.
 %&-line parsing enabled.
**Generalized_Laplace_Bridge.tex
(./Generalized_Laplace_Bridge.tex
LaTeX2e <2017-04-15>
Babel <3.10> and hyphenation patterns for 84 language(s) loaded.
(/usr/share/texlive/texmf-dist/tex/latex/base/article.cls
Document Class: article 2014/09/29 v1.4h Standard LaTeX document class
(/usr/share/texlive/texmf-dist/tex/latex/base/size10.clo
File: size10.clo 2014/09/29 v1.4h Standard LaTeX file (size option)
)
\c@part=\count79
\c@section=\count80
\c@subsection=\count81
\c@subsubsection=\count82
\c@paragraph=\count83
\c@subparagraph=\count84
\c@figure=\count85
\c@table=\count86
\abovecaptionskip=\skip41
\belowcaptionskip=\skip42
\bibindent=\dimen102
) (./nips_2018.sty

LaTeX Warning: You have requested package `nips_2018',
               but the package provides `neurips_2018'.

Package: neurips_2018 2018/11/19 NeurIPS 2018 submission/camera-ready style fil
e
(/usr/share/texlive/texmf-dist/tex/latex/natbib/natbib.sty
Package: natbib 2010/09/13 8.31b (PWD, AO)
\bibhang=\skip43
\bibsep=\skip44
LaTeX Info: Redefining \cite on input line 694.
\c@NAT@ctr=\count87
)
(/usr/share/texlive/texmf-dist/tex/latex/geometry/geometry.sty
Package: geometry 2010/09/12 v5.6 Page Geometry

(/usr/share/texlive/texmf-dist/tex/latex/graphics/keyval.sty
Package: keyval 2014/10/28 v1.15 key=value parser (DPC)
\KV@toks@=\toks14
)
(/usr/share/texlive/texmf-dist/tex/generic/oberdiek/ifpdf.sty
Package: ifpdf 2017/03/15 v3.2 Provides the ifpdf switch
)
(/usr/share/texlive/texmf-dist/tex/generic/oberdiek/ifvtex.sty
Package: ifvtex 2016/05/16 v1.6 Detect VTeX and its facilities (HO)
Package ifvtex Info: VTeX not detected.
)
(/usr/share/texlive/texmf-dist/tex/generic/ifxetex/ifxetex.sty
Package: ifxetex 2010/09/12 v0.6 Provides ifxetex conditional
)
\Gm@cnth=\count88
\Gm@cntv=\count89
\c@Gm@tempcnt=\count90
\Gm@bindingoffset=\dimen103
\Gm@wd@mp=\dimen104
\Gm@odd@mp=\dimen105
\Gm@even@mp=\dimen106
\Gm@layoutwidth=\dimen107
\Gm@layoutheight=\dimen108
\Gm@layouthoffset=\dimen109
\Gm@layoutvoffset=\dimen110
\Gm@dimlist=\toks15
)
\@neuripsabovecaptionskip=\skip45
\@neuripsbelowcaptionskip=\skip46
)
(/usr/share/texlive/texmf-dist/tex/latex/base/inputenc.sty
Package: inputenc 2015/03/17 v1.2c Input encoding file
\inpenc@prehook=\toks16
\inpenc@posthook=\toks17

(/usr/share/texlive/texmf-dist/tex/latex/base/utf8.def
File: utf8.def 2017/01/28 v1.1t UTF-8 support for inputenc
Now handling font encoding OML ...
... no UTF-8 mapping file for font encoding OML
Now handling font encoding T1 ...
... processing UTF-8 mapping file for font encoding T1

(/usr/share/texlive/texmf-dist/tex/latex/base/t1enc.dfu
File: t1enc.dfu 2017/01/28 v1.1t UTF-8 support for inputenc
   defining Unicode char U+00A0 (decimal 160)
   defining Unicode char U+00A1 (decimal 161)
   defining Unicode char U+00A3 (decimal 163)
   defining Unicode char U+00AB (decimal 171)
   defining Unicode char U+00AD (decimal 173)
   defining Unicode char U+00BB (decimal 187)
   defining Unicode char U+00BF (decimal 191)
   defining Unicode char U+00C0 (decimal 192)
   defining Unicode char U+00C1 (decimal 193)
   defining Unicode char U+00C2 (decimal 194)
   defining Unicode char U+00C3 (decimal 195)
   defining Unicode char U+00C4 (decimal 196)
   defining Unicode char U+00C5 (decimal 197)
   defining Unicode char U+00C6 (decimal 198)
   defining Unicode char U+00C7 (decimal 199)
   defining Unicode char U+00C8 (decimal 200)
   defining Unicode char U+00C9 (decimal 201)
   defining Unicode char U+00CA (decimal 202)
   defining Unicode char U+00CB (decimal 203)
   defining Unicode char U+00CC (decimal 204)
   defining Unicode char U+00CD (decimal 205)
   defining Unicode char U+00CE (decimal 206)
   defining Unicode char U+00CF (decimal 207)
   defining Unicode char U+00D0 (decimal 208)
   defining Unicode char U+00D1 (decimal 209)
   defining Unicode char U+00D2 (decimal 210)
   defining Unicode char U+00D3 (decimal 211)
   defining Unicode char U+00D4 (decimal 212)
   defining Unicode char U+00D5 (decimal 213)
   defining Unicode char U+00D6 (decimal 214)
   defining Unicode char U+00D8 (decimal 216)
   defining Unicode char U+00D9 (decimal 217)
   defining Unicode char U+00DA (decimal 218)
   defining Unicode char U+00DB (decimal 219)
   defining Unicode char U+00DC (decimal 220)
   defining Unicode char U+00DD (decimal 221)
   defining Unicode char U+00DE (decimal 222)
   defining Unicode char U+00DF (decimal 223)
   defining Unicode char U+00E0 (decimal 224)
   defining Unicode char U+00E1 (decimal 225)
   defining Unicode char U+00E2 (decimal 226)
   defining Unicode char U+00E3 (decimal 227)
   defining Unicode char U+00E4 (decimal 228)
   defining Unicode char U+00E5 (decimal 229)
   defining Unicode char U+00E6 (decimal 230)
   defining Unicode char U+00E7 (decimal 231)
   defining Unicode char U+00E8 (decimal 232)
   defining Unicode char U+00E9 (decimal 233)
   defining Unicode char U+00EA (decimal 234)
   defining Unicode char U+00EB (decimal 235)
   defining Unicode char U+00EC (decimal 236)
   defining Unicode char U+00ED (decimal 237)
   defining Unicode char U+00EE (decimal 238)
   defining Unicode char U+00EF (decimal 239)
   defining Unicode char U+00F0 (decimal 240)
   defining Unicode char U+00F1 (decimal 241)
   defining Unicode char U+00F2 (decimal 242)
   defining Unicode char U+00F3 (decimal 243)
   defining Unicode char U+00F4 (decimal 244)
   defining Unicode char U+00F5 (decimal 245)
   defining Unicode char U+00F6 (decimal 246)
   defining Unicode char U+00F8 (decimal 248)
   defining Unicode char U+00F9 (decimal 249)
   defining Unicode char U+00FA (decimal 250)
   defining Unicode char U+00FB (decimal 251)
   defining Unicode char U+00FC (decimal 252)
   defining Unicode char U+00FD (decimal 253)
   defining Unicode char U+00FE (decimal 254)
   defining Unicode char U+00FF (decimal 255)
   defining Unicode char U+0100 (decimal 256)
   defining Unicode char U+0101 (decimal 257)
   defining Unicode char U+0102 (decimal 258)
   defining Unicode char U+0103 (decimal 259)
   defining Unicode char U+0104 (decimal 260)
   defining Unicode char U+0105 (decimal 261)
   defining Unicode char U+0106 (decimal 262)
   defining Unicode char U+0107 (decimal 263)
   defining Unicode char U+0108 (decimal 264)
   defining Unicode char U+0109 (decimal 265)
   defining Unicode char U+010A (decimal 266)
   defining Unicode char U+010B (decimal 267)
   defining Unicode char U+010C (decimal 268)
   defining Unicode char U+010D (decimal 269)
   defining Unicode char U+010E (decimal 270)
   defining Unicode char U+010F (decimal 271)
   defining Unicode char U+0110 (decimal 272)
   defining Unicode char U+0111 (decimal 273)
   defining Unicode char U+0112 (decimal 274)
   defining Unicode char U+0113 (decimal 275)
   defining Unicode char U+0114 (decimal 276)
   defining Unicode char U+0115 (decimal 277)
   defining Unicode char U+0116 (decimal 278)
   defining Unicode char U+0117 (decimal 279)
   defining Unicode char U+0118 (decimal 280)
   defining Unicode char U+0119 (decimal 281)
   defining Unicode char U+011A (decimal 282)
   defining Unicode char U+011B (decimal 283)
   defining Unicode char U+011C (decimal 284)
   defining Unicode char U+011D (decimal 285)
   defining Unicode char U+011E (decimal 286)
   defining Unicode char U+011F (decimal 287)
   defining Unicode char U+0120 (decimal 288)
   defining Unicode char U+0121 (decimal 289)
   defining Unicode char U+0122 (decimal 290)
   defining Unicode char U+0123 (decimal 291)
   defining Unicode char U+0124 (decimal 292)
   defining Unicode char U+0125 (decimal 293)
   defining Unicode char U+0128 (decimal 296)
   defining Unicode char U+0129 (decimal 297)
   defining Unicode char U+012A (decimal 298)
   defining Unicode char U+012B (decimal 299)
   defining Unicode char U+012C (decimal 300)
   defining Unicode char U+012D (decimal 301)
   defining Unicode char U+012E (decimal 302)
   defining Unicode char U+012F (decimal 303)
   defining Unicode char U+0130 (decimal 304)
   defining Unicode char U+0131 (decimal 305)
   defining Unicode char U+0132 (decimal 306)
   defining Unicode char U+0133 (decimal 307)
   defining Unicode char U+0134 (decimal 308)
   defining Unicode char U+0135 (decimal 309)
   defining Unicode char U+0136 (decimal 310)
   defining Unicode char U+0137 (decimal 311)
   defining Unicode char U+0139 (decimal 313)
   defining Unicode char U+013A (decimal 314)
   defining Unicode char U+013B (decimal 315)
   defining Unicode char U+013C (decimal 316)
   defining Unicode char U+013D (decimal 317)
   defining Unicode char U+013E (decimal 318)
   defining Unicode char U+0141 (decimal 321)
   defining Unicode char U+0142 (decimal 322)
   defining Unicode char U+0143 (decimal 323)
   defining Unicode char U+0144 (decimal 324)
   defining Unicode char U+0145 (decimal 325)
   defining Unicode char U+0146 (decimal 326)
   defining Unicode char U+0147 (decimal 327)
   defining Unicode char U+0148 (decimal 328)
   defining Unicode char U+014A (decimal 330)
   defining Unicode char U+014B (decimal 331)
   defining Unicode char U+014C (decimal 332)
   defining Unicode char U+014D (decimal 333)
   defining Unicode char U+014E (decimal 334)
   defining Unicode char U+014F (decimal 335)
   defining Unicode char U+0150 (decimal 336)
   defining Unicode char U+0151 (decimal 337)
   defining Unicode char U+0152 (decimal 338)
   defining Unicode char U+0153 (decimal 339)
   defining Unicode char U+0154 (decimal 340)
   defining Unicode char U+0155 (decimal 341)
   defining Unicode char U+0156 (decimal 342)
   defining Unicode char U+0157 (decimal 343)
   defining Unicode char U+0158 (decimal 344)
   defining Unicode char U+0159 (decimal 345)
   defining Unicode char U+015A (decimal 346)
   defining Unicode char U+015B (decimal 347)
   defining Unicode char U+015C (decimal 348)
   defining Unicode char U+015D (decimal 349)
   defining Unicode char U+015E (decimal 350)
   defining Unicode char U+015F (decimal 351)
   defining Unicode char U+0160 (decimal 352)
   defining Unicode char U+0161 (decimal 353)
   defining Unicode char U+0162 (decimal 354)
   defining Unicode char U+0163 (decimal 355)
   defining Unicode char U+0164 (decimal 356)
   defining Unicode char U+0165 (decimal 357)
   defining Unicode char U+0168 (decimal 360)
   defining Unicode char U+0169 (decimal 361)
   defining Unicode char U+016A (decimal 362)
   defining Unicode char U+016B (decimal 363)
   defining Unicode char U+016C (decimal 364)
   defining Unicode char U+016D (decimal 365)
   defining Unicode char U+016E (decimal 366)
   defining Unicode char U+016F (decimal 367)
   defining Unicode char U+0170 (decimal 368)
   defining Unicode char U+0171 (decimal 369)
   defining Unicode char U+0172 (decimal 370)
   defining Unicode char U+0173 (decimal 371)
   defining Unicode char U+0174 (decimal 372)
   defining Unicode char U+0175 (decimal 373)
   defining Unicode char U+0176 (decimal 374)
   defining Unicode char U+0177 (decimal 375)
   defining Unicode char U+0178 (decimal 376)
   defining Unicode char U+0179 (decimal 377)
   defining Unicode char U+017A (decimal 378)
   defining Unicode char U+017B (decimal 379)
   defining Unicode char U+017C (decimal 380)
   defining Unicode char U+017D (decimal 381)
   defining Unicode char U+017E (decimal 382)
   defining Unicode char U+01CD (decimal 461)
   defining Unicode char U+01CE (decimal 462)
   defining Unicode char U+01CF (decimal 463)
   defining Unicode char U+01D0 (decimal 464)
   defining Unicode char U+01D1 (decimal 465)
   defining Unicode char U+01D2 (decimal 466)
   defining Unicode char U+01D3 (decimal 467)
   defining Unicode char U+01D4 (decimal 468)
   defining Unicode char U+01E2 (decimal 482)
   defining Unicode char U+01E3 (decimal 483)
   defining Unicode char U+01E6 (decimal 486)
   defining Unicode char U+01E7 (decimal 487)
   defining Unicode char U+01E8 (decimal 488)
   defining Unicode char U+01E9 (decimal 489)
   defining Unicode char U+01EA (decimal 490)
   defining Unicode char U+01EB (decimal 491)
   defining Unicode char U+01F0 (decimal 496)
   defining Unicode char U+01F4 (decimal 500)
   defining Unicode char U+01F5 (decimal 501)
   defining Unicode char U+0218 (decimal 536)
   defining Unicode char U+0219 (decimal 537)
   defining Unicode char U+021A (decimal 538)
   defining Unicode char U+021B (decimal 539)
   defining Unicode char U+0232 (decimal 562)
   defining Unicode char U+0233 (decimal 563)
   defining Unicode char U+1E02 (decimal 7682)
   defining Unicode char U+1E03 (decimal 7683)
   defining Unicode char U+200C (decimal 8204)
   defining Unicode char U+2010 (decimal 8208)
   defining Unicode char U+2011 (decimal 8209)
   defining Unicode char U+2012 (decimal 8210)
   defining Unicode char U+2013 (decimal 8211)
   defining Unicode char U+2014 (decimal 8212)
   defining Unicode char U+2015 (decimal 8213)
   defining Unicode char U+2018 (decimal 8216)
   defining Unicode char U+2019 (decimal 8217)
   defining Unicode char U+201A (decimal 8218)
   defining Unicode char U+201C (decimal 8220)
   defining Unicode char U+201D (decimal 8221)
   defining Unicode char U+201E (decimal 8222)
   defining Unicode char U+2030 (decimal 8240)
   defining Unicode char U+2031 (decimal 8241)
   defining Unicode char U+2039 (decimal 8249)
   defining Unicode char U+203A (decimal 8250)
   defining Unicode char U+2423 (decimal 9251)
   defining Unicode char U+1E20 (decimal 7712)
   defining Unicode char U+1E21 (decimal 7713)
)
Now handling font encoding OT1 ...
... processing UTF-8 mapping file for font encoding OT1

(/usr/share/texlive/texmf-dist/tex/latex/base/ot1enc.dfu
File: ot1enc.dfu 2017/01/28 v1.1t UTF-8 support for inputenc
   defining Unicode char U+00A0 (decimal 160)
   defining Unicode char U+00A1 (decimal 161)
   defining Unicode char U+00A3 (decimal 163)
   defining Unicode char U+00AD (decimal 173)
   defining Unicode char U+00B8 (decimal 184)
   defining Unicode char U+00BF (decimal 191)
   defining Unicode char U+00C5 (decimal 197)
   defining Unicode char U+00C6 (decimal 198)
   defining Unicode char U+00D8 (decimal 216)
   defining Unicode char U+00DF (decimal 223)
   defining Unicode char U+00E6 (decimal 230)
   defining Unicode char U+00EC (decimal 236)
   defining Unicode char U+00ED (decimal 237)
   defining Unicode char U+00EE (decimal 238)
   defining Unicode char U+00EF (decimal 239)
   defining Unicode char U+00F8 (decimal 248)
   defining Unicode char U+0131 (decimal 305)
   defining Unicode char U+0141 (decimal 321)
   defining Unicode char U+0142 (decimal 322)
   defining Unicode char U+0152 (decimal 338)
   defining Unicode char U+0153 (decimal 339)
   defining Unicode char U+0174 (decimal 372)
   defining Unicode char U+0175 (decimal 373)
   defining Unicode char U+0176 (decimal 374)
   defining Unicode char U+0177 (decimal 375)
   defining Unicode char U+0218 (decimal 536)
   defining Unicode char U+0219 (decimal 537)
   defining Unicode char U+021A (decimal 538)
   defining Unicode char U+021B (decimal 539)
   defining Unicode char U+2013 (decimal 8211)
   defining Unicode char U+2014 (decimal 8212)
   defining Unicode char U+2018 (decimal 8216)
   defining Unicode char U+2019 (decimal 8217)
   defining Unicode char U+201C (decimal 8220)
   defining Unicode char U+201D (decimal 8221)
)
Now handling font encoding OMS ...
... processing UTF-8 mapping file for font encoding OMS

(/usr/share/texlive/texmf-dist/tex/latex/base/omsenc.dfu
File: omsenc.dfu 2017/01/28 v1.1t UTF-8 support for inputenc
   defining Unicode char U+00A7 (decimal 167)
   defining Unicode char U+00B6 (decimal 182)
   defining Unicode char U+00B7 (decimal 183)
   defining Unicode char U+2020 (decimal 8224)
   defining Unicode char U+2021 (decimal 8225)
   defining Unicode char U+2022 (decimal 8226)
)
Now handling font encoding OMX ...
... no UTF-8 mapping file for font encoding OMX
Now handling font encoding U ...
... no UTF-8 mapping file for font encoding U
   defining Unicode char U+00A9 (decimal 169)
   defining Unicode char U+00AA (decimal 170)
   defining Unicode char U+00AE (decimal 174)
   defining Unicode char U+00BA (decimal 186)
   defining Unicode char U+02C6 (decimal 710)
   defining Unicode char U+02DC (decimal 732)
   defining Unicode char U+200C (decimal 8204)
   defining Unicode char U+2026 (decimal 8230)
   defining Unicode char U+2122 (decimal 8482)
   defining Unicode char U+2423 (decimal 9251)
))
(/usr/share/texlive/texmf-dist/tex/latex/base/fontenc.sty
Package: fontenc 2017/04/05 v2.0i Standard LaTeX package

(/usr/share/texlive/texmf-dist/tex/latex/base/t1enc.def
File: t1enc.def 2017/04/05 v2.0i Standard LaTeX file
LaTeX Font Info:    Redeclaring font encoding T1 on input line 48.
))
(/usr/share/texlive/texmf-dist/tex/latex/hyperref/hyperref.sty
Package: hyperref 2017/03/14 v6.85a Hypertext links for LaTeX

(/usr/share/texlive/texmf-dist/tex/generic/oberdiek/hobsub-hyperref.sty
Package: hobsub-hyperref 2016/05/16 v1.14 Bundle oberdiek, subset hyperref (HO)


(/usr/share/texlive/texmf-dist/tex/generic/oberdiek/hobsub-generic.sty
Package: hobsub-generic 2016/05/16 v1.14 Bundle oberdiek, subset generic (HO)
Package: hobsub 2016/05/16 v1.14 Construct package bundles (HO)
Package: infwarerr 2016/05/16 v1.4 Providing info/warning/error messages (HO)
Package: ltxcmds 2016/05/16 v1.23 LaTeX kernel commands for general use (HO)
Package: ifluatex 2016/05/16 v1.4 Provides the ifluatex switch (HO)
Package ifluatex Info: LuaTeX not detected.
Package hobsub Info: Skipping package `ifvtex' (already loaded).
Package: intcalc 2016/05/16 v1.2 Expandable calculations with integers (HO)
Package hobsub Info: Skipping package `ifpdf' (already loaded).
Package: etexcmds 2016/05/16 v1.6 Avoid name clashes with e-TeX commands (HO)
Package etexcmds Info: Could not find \expanded.
(etexcmds)             That can mean that you are not using pdfTeX 1.50 or
(etexcmds)             that some package has redefined \expanded.
(etexcmds)             In the latter case, load this package earlier.
Package: kvsetkeys 2016/05/16 v1.17 Key value parser (HO)
Package: kvdefinekeys 2016/05/16 v1.4 Define keys (HO)
Package: pdftexcmds 2017/03/19 v0.25 Utility functions of pdfTeX for LuaTeX (HO
)
Package pdftexcmds Info: LuaTeX not detected.
Package pdftexcmds Info: \pdf@primitive is available.
Package pdftexcmds Info: \pdf@ifprimitive is available.
Package pdftexcmds Info: \pdfdraftmode found.
Package: pdfescape 2016/05/16 v1.14 Implements pdfTeX's escape features (HO)
Package: bigintcalc 2016/05/16 v1.4 Expandable calculations on big integers (HO
)
Package: bitset 2016/05/16 v1.2 Handle bit-vector datatype (HO)
Package: uniquecounter 2016/05/16 v1.3 Provide unlimited unique counter (HO)
)
Package hobsub Info: Skipping package `hobsub' (already loaded).
Package: letltxmacro 2016/05/16 v1.5 Let assignment for LaTeX macros (HO)
Package: hopatch 2016/05/16 v1.3 Wrapper for package hooks (HO)
Package: xcolor-patch 2016/05/16 xcolor patch
Package: atveryend 2016/05/16 v1.9 Hooks at the very end of document (HO)
Package atveryend Info: \enddocument detected (standard20110627).
Package: atbegshi 2016/06/09 v1.18 At begin shipout hook (HO)
Package: refcount 2016/05/16 v3.5 Data extraction from label references (HO)
Package: hycolor 2016/05/16 v1.8 Color options for hyperref/bookmark (HO)
)
(/usr/share/texlive/texmf-dist/tex/latex/oberdiek/auxhook.sty
Package: auxhook 2016/05/16 v1.4 Hooks for auxiliary files (HO)
)
(/usr/share/texlive/texmf-dist/tex/latex/oberdiek/kvoptions.sty
Package: kvoptions 2016/05/16 v3.12 Key value format for package options (HO)
)
\@linkdim=\dimen111
\Hy@linkcounter=\count91
\Hy@pagecounter=\count92

(/usr/share/texlive/texmf-dist/tex/latex/hyperref/pd1enc.def
File: pd1enc.def 2017/03/14 v6.85a Hyperref: PDFDocEncoding definition (HO)
Now handling font encoding PD1 ...
... no UTF-8 mapping file for font encoding PD1
)
\Hy@SavedSpaceFactor=\count93

(/usr/share/texlive/texmf-dist/tex/latex/latexconfig/hyperref.cfg
File: hyperref.cfg 2002/06/06 v1.2 hyperref configuration of TeXLive
)
Package hyperref Info: Hyper figures OFF on input line 4498.
Package hyperref Info: Link nesting OFF on input line 4503.
Package hyperref Info: Hyper index ON on input line 4506.
Package hyperref Info: Plain pages OFF on input line 4513.
Package hyperref Info: Backreferencing OFF on input line 4518.
Package hyperref Info: Implicit mode ON; LaTeX internals redefined.
Package hyperref Info: Bookmarks ON on input line 4751.
\c@Hy@tempcnt=\count94

(/usr/share/texlive/texmf-dist/tex/latex/url/url.sty
\Urlmuskip=\muskip10
Package: url 2013/09/16  ver 3.4  Verb mode for urls, etc.
)
LaTeX Info: Redefining \url on input line 5104.
\XeTeXLinkMargin=\dimen112
\Fld@menulength=\count95
\Field@Width=\dimen113
\Fld@charsize=\dimen114
Package hyperref Info: Hyper figures OFF on input line 6358.
Package hyperref Info: Link nesting OFF on input line 6363.
Package hyperref Info: Hyper index ON on input line 6366.
Package hyperref Info: backreferencing OFF on input line 6373.
Package hyperref Info: Link coloring OFF on input line 6378.
Package hyperref Info: Link coloring with OCG OFF on input line 6383.
Package hyperref Info: PDF/A mode OFF on input line 6388.
LaTeX Info: Redefining \ref on input line 6428.
LaTeX Info: Redefining \pageref on input line 6432.
\Hy@abspage=\count96
\c@Item=\count97
\c@Hfootnote=\count98
)

Package hyperref Message: Driver (autodetected): hpdftex.

(/usr/share/texlive/texmf-dist/tex/latex/hyperref/hpdftex.def
File: hpdftex.def 2017/03/14 v6.85a Hyperref driver for pdfTeX
\Fld@listcount=\count99
\c@bookmark@seq@number=\count100

(/usr/share/texlive/texmf-dist/tex/latex/oberdiek/rerunfilecheck.sty
Package: rerunfilecheck 2016/05/16 v1.8 Rerun checks for auxiliary files (HO)
Package uniquecounter Info: New unique counter `rerunfilecheck' on input line 2
82.
)
\Hy@SectionHShift=\skip47
)
(/usr/share/texlive/texmf-dist/tex/latex/booktabs/booktabs.sty
Package: booktabs 2016/04/27 v1.618033 publication quality tables
\heavyrulewidth=\dimen115
\lightrulewidth=\dimen116
\cmidrulewidth=\dimen117
\belowrulesep=\dimen118
\belowbottomsep=\dimen119
\aboverulesep=\dimen120
\abovetopsep=\dimen121
\cmidrulesep=\dimen122
\cmidrulekern=\dimen123
\defaultaddspace=\dimen124
\@cmidla=\count101
\@cmidlb=\count102
\@aboverulesep=\dimen125
\@belowrulesep=\dimen126
\@thisruleclass=\count103
\@lastruleclass=\count104
\@thisrulewidth=\dimen127
)
(/usr/share/texlive/texmf-dist/tex/latex/amsfonts/amsfonts.sty
Package: amsfonts 2013/01/14 v3.01 Basic AMSFonts support
\@emptytoks=\toks18
\symAMSa=\mathgroup4
\symAMSb=\mathgroup5
LaTeX Font Info:    Overwriting math alphabet `\mathfrak' in version `bold'
(Font)                  U/euf/m/n --> U/euf/b/n on input line 106.
)
(/usr/share/texlive/texmf-dist/tex/latex/units/nicefrac.sty
Package: nicefrac 1998/08/04 v0.9b Nice fractions
\L@UnitsRaiseDisplaystyle=\skip48
\L@UnitsRaiseTextstyle=\skip49
\L@UnitsRaiseScriptstyle=\skip50

(/usr/share/texlive/texmf-dist/tex/latex/base/ifthen.sty
Package: ifthen 2014/09/29 v1.1c Standard LaTeX ifthen package (DPC)
))
(/usr/share/texlive/texmf-dist/tex/latex/microtype/microtype.sty
Package: microtype 2016/05/14 v2.6a Micro-typographical refinements (RS)
\MT@toks=\toks19
\MT@count=\count105
LaTeX Info: Redefining \textls on input line 774.
\MT@outer@kern=\dimen128
LaTeX Info: Redefining \textmicrotypecontext on input line 1310.
\MT@listname@count=\count106

(/usr/share/texlive/texmf-dist/tex/latex/microtype/microtype-pdftex.def
File: microtype-pdftex.def 2016/05/14 v2.6a Definitions specific to pdftex (RS)

LaTeX Info: Redefining \lsstyle on input line 916.
LaTeX Info: Redefining \lslig on input line 916.
\MT@outer@space=\skip51
)
Package microtype Info: Loading configuration file microtype.cfg.

(/usr/share/texlive/texmf-dist/tex/latex/microtype/microtype.cfg
File: microtype.cfg 2016/05/14 v2.6a microtype main configuration file (RS)
))
(/usr/share/texlive/texmf-dist/tex/latex/graphics/graphicx.sty
Package: graphicx 2017/06/01 v1.1a Enhanced LaTeX Graphics (DPC,SPQR)

(/usr/share/texlive/texmf-dist/tex/latex/graphics/graphics.sty
Package: graphics 2017/06/13 v1.2b Standard LaTeX Graphics (DPC,SPQR)

(/usr/share/texlive/texmf-dist/tex/latex/graphics/trig.sty
Package: trig 2016/01/03 v1.10 sin cos tan (DPC)
)
(/usr/share/texlive/texmf-dist/tex/latex/graphics-cfg/graphics.cfg
File: graphics.cfg 2016/06/04 v1.11 sample graphics configuration
)
Package graphics Info: Driver file: pdftex.def on input line 99.

(/usr/share/texlive/texmf-dist/tex/latex/graphics-def/pdftex.def
File: pdftex.def 2017/06/17 v1.0e Graphics/color driver for pdftex
))
\Gin@req@height=\dimen129
\Gin@req@width=\dimen130
)
(/usr/share/texlive/texmf-dist/tex/latex/subfig/subfig.sty
Package: subfig 2005/06/28 ver: 1.3 subfig package

(/usr/share/texlive/texmf-dist/tex/latex/caption/caption.sty
Package: caption 2016/02/21 v3.3-144 Customizing captions (AR)

(/usr/share/texlive/texmf-dist/tex/latex/caption/caption3.sty
Package: caption3 2016/05/22 v1.7-166 caption3 kernel (AR)
Package caption3 Info: TeX engine: e-TeX on input line 67.
\captionmargin=\dimen131
\captionmargin@=\dimen132
\captionwidth=\dimen133
\caption@tempdima=\dimen134
\caption@indent=\dimen135
\caption@parindent=\dimen136
\caption@hangindent=\dimen137
)
\c@ContinuedFloat=\count107
Package caption Info: hyperref package is loaded.
)
\c@KVtest=\count108
\sf@farskip=\skip52
\sf@captopadj=\dimen138
\sf@capskip=\skip53
\sf@nearskip=\skip54
\c@subfigure=\count109
\c@subfigure@save=\count110
\c@lofdepth=\count111
\c@subtable=\count112
\c@subtable@save=\count113
\c@lotdepth=\count114
\sf@top=\skip55
\sf@bottom=\skip56
)
(/usr/share/texlive/texmf-dist/tex/latex/mathtools/mathtools.sty
Package: mathtools 2017/05/24 v1.19 mathematical typesetting tools

(/usr/share/texlive/texmf-dist/tex/latex/tools/calc.sty
Package: calc 2014/10/28 v4.3 Infix arithmetic (KKT,FJ)
\calc@Acount=\count115
\calc@Bcount=\count116
\calc@Adimen=\dimen139
\calc@Bdimen=\dimen140
\calc@Askip=\skip57
\calc@Bskip=\skip58
LaTeX Info: Redefining \setlength on input line 80.
LaTeX Info: Redefining \addtolength on input line 81.
\calc@Ccount=\count117
\calc@Cskip=\skip59
)
(/usr/share/texlive/texmf-dist/tex/latex/mathtools/mhsetup.sty
Package: mhsetup 2017/03/31 v1.3 programming setup (MH)
)
(/usr/share/texlive/texmf-dist/tex/latex/amsmath/amsmath.sty
Package: amsmath 2016/11/05 v2.16a AMS math features
\@mathmargin=\skip60

For additional information on amsmath, use the `?' option.
(/usr/share/texlive/texmf-dist/tex/latex/amsmath/amstext.sty
Package: amstext 2000/06/29 v2.01 AMS text

(/usr/share/texlive/texmf-dist/tex/latex/amsmath/amsgen.sty
File: amsgen.sty 1999/11/30 v2.0 generic functions
\@emptytoks=\toks20
\ex@=\dimen141
))
(/usr/share/texlive/texmf-dist/tex/latex/amsmath/amsbsy.sty
Package: amsbsy 1999/11/29 v1.2d Bold Symbols
\pmbraise@=\dimen142
)
(/usr/share/texlive/texmf-dist/tex/latex/amsmath/amsopn.sty
Package: amsopn 2016/03/08 v2.02 operator names
)
\inf@bad=\count118
LaTeX Info: Redefining \frac on input line 213.
\uproot@=\count119
\leftroot@=\count120
LaTeX Info: Redefining \overline on input line 375.
\classnum@=\count121
\DOTSCASE@=\count122
LaTeX Info: Redefining \ldots on input line 472.
LaTeX Info: Redefining \dots on input line 475.
LaTeX Info: Redefining \cdots on input line 596.
\Mathstrutbox@=\box26
\strutbox@=\box27
\big@size=\dimen143
LaTeX Font Info:    Redeclaring font encoding OML on input line 712.
LaTeX Font Info:    Redeclaring font encoding OMS on input line 713.
\macc@depth=\count123
\c@MaxMatrixCols=\count124
\dotsspace@=\muskip11
\c@parentequation=\count125
\dspbrk@lvl=\count126
\tag@help=\toks21
\row@=\count127
\column@=\count128
\maxfields@=\count129
\andhelp@=\toks22
\eqnshift@=\dimen144
\alignsep@=\dimen145
\tagshift@=\dimen146
\tagwidth@=\dimen147
\totwidth@=\dimen148
\lineht@=\dimen149
\@envbody=\toks23
\multlinegap=\skip61
\multlinetaggap=\skip62
\mathdisplay@stack=\toks24
LaTeX Info: Redefining \[ on input line 2817.
LaTeX Info: Redefining \] on input line 2818.
)
LaTeX Info: Thecontrolsequence`\('isalreadyrobust on input line 129.
LaTeX Info: Thecontrolsequence`\)'isalreadyrobust on input line 129.
LaTeX Info: Thecontrolsequence`\['isalreadyrobust on input line 129.
LaTeX Info: Thecontrolsequence`\]'isalreadyrobust on input line 129.
\g_MT_multlinerow_int=\count130
\l_MT_multwidth_dim=\dimen150
\origjot=\skip63
\l_MT_shortvdotswithinadjustabove_dim=\dimen151
\l_MT_shortvdotswithinadjustbelow_dim=\dimen152
\l_MT_above_intertext_sep=\dimen153
\l_MT_below_intertext_sep=\dimen154
\l_MT_above_shortintertext_sep=\dimen155
\l_MT_below_shortintertext_sep=\dimen156
)
(/usr/share/texlive/texmf-dist/tex/latex/amscls/amsthm.sty
Package: amsthm 2015/03/04 v2.20.2
\thm@style=\toks25
\thm@bodyfont=\toks26
\thm@headfont=\toks27
\thm@notefont=\toks28
\thm@headpunct=\toks29
\thm@preskip=\skip64
\thm@postskip=\skip65
\thm@headsep=\skip66
\dth@everypar=\toks30
)
(/usr/share/texlive/texmf-dist/tex/latex/amsfonts/amssymb.sty
Package: amssymb 2013/01/14 v3.01 AMS font symbols
)
(/usr/share/texlive/texmf-dist/tex/latex/multirow/multirow.sty
Package: multirow 2016/11/25 v2.2 Span multiple rows of a table
\multirow@colwidth=\skip67
\multirow@cntb=\count131
\multirow@dima=\skip68
\bigstrutjot=\dimen157
)
(/usr/share/texlive/texmf-dist/tex/latex/arydshln/arydshln.sty
Package: arydshln 2016/04/28 v1.73 
\dashlinedash=\dimen158
\dashlinegap=\dimen159
\adl@box=\box28
\adl@height=\dimen160
\adl@heightsave=\dimen161
\adl@depth=\dimen162
\adl@depthsave=\dimen163
\adl@finaldepth=\dimen164
\adl@columns=\count132
\adl@ncol=\count133
\adl@currentcolumn=\count134
\adl@currentcolumnsave=\count135
\adl@totalheight=\count136
\adl@totalheightsave=\count137
\adl@dash=\count138
\adl@gap=\count139
\adl@cla=\count140
\adl@clb=\count141
\adl@everyvbox=\toks31
\adl@LTpagetotal=\dimen165
)
(/usr/share/texlive/texmf-dist/tex/latex/changepage/chngpage.sty
Package: chngpage 2009/10/20 v1.2b change page layout
\c@cp@cnt=\count142
\c@cp@tempcnt=\count143
)
(./math_commands.tex (/usr/share/texlive/texmf-dist/tex/latex/tools/bm.sty
Package: bm 2017/01/16 v1.2c Bold Symbol Support (DPC/FMi)
\symboldoperators=\mathgroup6
\symboldletters=\mathgroup7
\symboldsymbols=\mathgroup8
LaTeX Font Info:    Redeclaring math alphabet \mathbf on input line 141.
LaTeX Info: Redefining \bm on input line 207.
)
LaTeX Font Info:    Overwriting math alphabet `\mathsfit' in version `bold'
(Font)                  T1/phv/m/sl --> T1/phv/bx/n on input line 323.
)
(./Generalized_Laplace_Bridge.aux)
\openout1 = `Generalized_Laplace_Bridge.aux'.

LaTeX Font Info:    Checking defaults for OML/cmm/m/it on input line 83.
LaTeX Font Info:    ... okay on input line 83.
LaTeX Font Info:    Checking defaults for T1/cmr/m/n on input line 83.
LaTeX Font Info:    ... okay on input line 83.
LaTeX Font Info:    Checking defaults for OT1/cmr/m/n on input line 83.
LaTeX Font Info:    ... okay on input line 83.
LaTeX Font Info:    Checking defaults for OMS/cmsy/m/n on input line 83.
LaTeX Font Info:    ... okay on input line 83.
LaTeX Font Info:    Checking defaults for OMX/cmex/m/n on input line 83.
LaTeX Font Info:    ... okay on input line 83.
LaTeX Font Info:    Checking defaults for U/cmr/m/n on input line 83.
LaTeX Font Info:    ... okay on input line 83.
LaTeX Font Info:    Checking defaults for PD1/pdf/m/n on input line 83.
LaTeX Font Info:    ... okay on input line 83.
LaTeX Font Info:    Try loading font information for T1+ptm on input line 83.

(/usr/share/texlive/texmf-dist/tex/latex/psnfss/t1ptm.fd
File: t1ptm.fd 2001/06/04 font definitions for T1/ptm.
)
*geometry* driver: auto-detecting
*geometry* detected driver: pdftex
*geometry* verbose mode - [ preamble ] result:
* driver: pdftex
* paper: letterpaper
* layout: <same size as paper>
* layoutoffset:(h,v)=(0.0pt,0.0pt)
* modes: 
* h-part:(L,W,R)=(92.14519pt, 430.00462pt, 92.14519pt)
* v-part:(T,H,B)=(95.39737pt, 556.47656pt, 143.09605pt)
* \paperwidth=614.295pt
* \paperheight=794.96999pt
* \textwidth=430.00462pt
* \textheight=556.47656pt
* \oddsidemargin=19.8752pt
* \evensidemargin=19.8752pt
* \topmargin=-13.87262pt
* \headheight=12.0pt
* \headsep=25.0pt
* \topskip=10.0pt
* \footskip=30.0pt
* \marginparwidth=65.0pt
* \marginparsep=11.0pt
* \columnsep=10.0pt
* \skip\footins=9.0pt plus 4.0pt minus 2.0pt
* \hoffset=0.0pt
* \voffset=0.0pt
* \mag=1000
* \@twocolumnfalse
* \@twosidefalse
* \@mparswitchfalse
* \@reversemarginfalse
* (1in=72.27pt=25.4mm, 1cm=28.453pt)

*geometry* verbose mode - [ newgeometry ] result:
* driver: pdftex
* paper: letterpaper
* layout: <same size as paper>
* layoutoffset:(h,v)=(0.0pt,0.0pt)
* modes: 
* h-part:(L,W,R)=(108.405pt, 397.48499pt, 108.40501pt)
* v-part:(T,H,B)=(72.26999pt, 650.43pt, 72.27pt)
* \paperwidth=614.295pt
* \paperheight=794.96999pt
* \textwidth=397.48499pt
* \textheight=650.43pt
* \oddsidemargin=36.13501pt
* \evensidemargin=36.13501pt
* \topmargin=-37.0pt
* \headheight=12.0pt
* \headsep=25.0pt
* \topskip=10.0pt
* \footskip=30.0pt
* \marginparwidth=65.0pt
* \marginparsep=11.0pt
* \columnsep=10.0pt
* \skip\footins=9.0pt plus 4.0pt minus 2.0pt
* \hoffset=0.0pt
* \voffset=0.0pt
* \mag=1000
* \@twocolumnfalse
* \@twosidefalse
* \@mparswitchfalse
* \@reversemarginfalse
* (1in=72.27pt=25.4mm, 1cm=28.453pt)

\AtBeginShipoutBox=\box29
Package hyperref Info: Link coloring OFF on input line 83.
(/usr/share/texlive/texmf-dist/tex/latex/hyperref/nameref.sty
Package: nameref 2016/05/21 v2.44 Cross-referencing by name of section

(/usr/share/texlive/texmf-dist/tex/generic/oberdiek/gettitlestring.sty
Package: gettitlestring 2016/05/16 v1.5 Cleanup title references (HO)
)
\c@section@level=\count144
)
LaTeX Info: Redefining \ref on input line 83.
LaTeX Info: Redefining \pageref on input line 83.
LaTeX Info: Redefining \nameref on input line 83.

(./Generalized_Laplace_Bridge.out) (./Generalized_Laplace_Bridge.out)
\@outlinefile=\write3
\openout3 = `Generalized_Laplace_Bridge.out'.

LaTeX Info: Redefining \microtypecontext on input line 83.
Package microtype Info: Generating PDF output.
Package microtype Info: Character protrusion enabled (level 2).
Package microtype Info: Using default protrusion set `alltext'.
Package microtype Info: Automatic font expansion enabled (level 2),
(microtype)             stretch: 20, shrink: 20, step: 1, non-selected.
Package microtype Info: Using default expansion set `basictext'.
Package microtype Info: No adjustment of tracking.
Package microtype Info: No adjustment of interword spacing.
Package microtype Info: No adjustment of character kerning.

(/usr/share/texlive/texmf-dist/tex/latex/microtype/mt-ptm.cfg
File: mt-ptm.cfg 2006/04/20 v1.7 microtype config. file: Times (RS)
)
(/usr/share/texlive/texmf-dist/tex/context/base/mkii/supp-pdf.mkii
[Loading MPS to PDF converter (version 2006.09.02).]
\scratchcounter=\count145
\scratchdimen=\dimen166
\scratchbox=\box30
\nofMPsegments=\count146
\nofMParguments=\count147
\everyMPshowfont=\toks32
\MPscratchCnt=\count148
\MPscratchDim=\dimen167
\MPnumerator=\count149
\makeMPintoPDFobject=\count150
\everyMPtoPDFconversion=\toks33
) (/usr/share/texlive/texmf-dist/tex/latex/oberdiek/epstopdf-base.sty
Package: epstopdf-base 2016/05/15 v2.6 Base part for package epstopdf

(/usr/share/texlive/texmf-dist/tex/latex/oberdiek/grfext.sty
Package: grfext 2016/05/16 v1.2 Manage graphics extensions (HO)
)
Package epstopdf-base Info: Redefining graphics rule for `.eps' on input line 4
38.
Package grfext Info: Graphics extension search list:
(grfext)             [.pdf,.png,.jpg,.mps,.jpeg,.jbig2,.jb2,.PDF,.PNG,.JPG,.JPE
G,.JBIG2,.JB2,.eps]
(grfext)             \AppendGraphicsExtensions on input line 456.

(/usr/share/texlive/texmf-dist/tex/latex/latexconfig/epstopdf-sys.cfg
File: epstopdf-sys.cfg 2010/07/13 v1.3 Configuration of (r)epstopdf for TeX Liv
e
))
Package caption Info: Begin \AtBeginDocument code.
Package caption Info: subfig package v1.3 is loaded.
Package caption Info: End \AtBeginDocument code.
LaTeX Font Info:    Font shape `T1/ptm/bx/n' in size <17.28> not available
(Font)              Font shape `T1/ptm/b/n' tried instead on input line 86.

(/usr/share/texlive/texmf-dist/tex/latex/microtype/mt-cmr.cfg
File: mt-cmr.cfg 2013/05/19 v2.2 microtype config. file: Computer Modern Roman 
(RS)
)
LaTeX Font Info:    Try loading font information for U+msa on input line 86.

(/usr/share/texlive/texmf-dist/tex/latex/amsfonts/umsa.fd
File: umsa.fd 2013/01/14 v3.01 AMS symbols A
)
(/usr/share/texlive/texmf-dist/tex/latex/microtype/mt-msa.cfg
File: mt-msa.cfg 2006/02/04 v1.1 microtype config. file: AMS symbols (a) (RS)
)
LaTeX Font Info:    Try loading font information for U+msb on input line 86.

(/usr/share/texlive/texmf-dist/tex/latex/amsfonts/umsb.fd
File: umsb.fd 2013/01/14 v3.01 AMS symbols B
)
(/usr/share/texlive/texmf-dist/tex/latex/microtype/mt-msb.cfg
File: mt-msb.cfg 2005/06/01 v1.0 microtype config. file: AMS symbols (b) (RS)
)
LaTeX Font Info:    Font shape `T1/ptm/bx/n' in size <10> not available
(Font)              Font shape `T1/ptm/b/n' tried instead on input line 86.
LaTeX Font Info:    Try loading font information for T1+cmtt on input line 86.

(/usr/share/texlive/texmf-dist/tex/latex/base/t1cmtt.fd
File: t1cmtt.fd 2014/09/29 v2.5h Standard LaTeX font definitions
)
Package microtype Info: Loading generic settings for font family
(microtype)             `cmtt' (encoding: T1).
(microtype)             For optimal results, create family-specific settings.
(microtype)             See the microtype manual for details.
LaTeX Font Info:    Font shape `T1/ptm/bx/n' in size <12> not available
(Font)              Font shape `T1/ptm/b/n' tried instead on input line 88.

(./content/background.tex [1


{/var/lib/texmf/fonts/map/pdftex/updmap/pdftex.map}]pdfTeX warning (ext4): dest
ination with the same identifier (name{equation.2.1}) has been already used, du
plicate ignored
<to be read again> 
                   \relax 
l.53 \end{align}
                pdfTeX warning (ext4): destination with the same identifier (na
me{equation.2.2}) has been already used, duplicate ignored
<to be read again> 
                   \relax 
l.53 \end{align}
                pdfTeX warning (ext4): destination with the same identifier (na
me{equation.2.3}) has been already used, duplicate ignored
<to be read again> 
                   \relax 
l.53 \end{align}
                pdfTeX warning (ext4): destination with the same identifier (na
me{equation.2.4}) has been already used, duplicate ignored
<to be read again> 
                   \relax 
l.53 \end{align}
                pdfTeX warning (ext4): destination with the same identifier (na
me{equation.2.1}) has been already used, duplicate ignored
<to be read again> 
                   \relax 
l.68 \end{align}
                pdfTeX warning (ext4): destination with the same identifier (na
me{equation.2.2}) has been already used, duplicate ignored
<to be read again> 
                   \relax 
l.68 \end{align}
                pdfTeX warning (ext4): destination with the same identifier (na
me{equation.2.3}) has been already used, duplicate ignored
<to be read again> 
                   \relax 
l.68 \end{align}
                 [2pdfTeX warning (ext4): destination with the same identifier 
(name{equation.2.5}) has been already used, duplicate ignored

\AtBegShi@Output ...ipout \box \AtBeginShipoutBox 
                                                  \fi \fi 
l.73 \subsubsection
                   {A generalization to matrices}]
Underfull \vbox (badness 2205) has occurred while \output is active []

 [3])
(./content/GLB.tex [4])
LaTeX Font Info:    Try loading font information for T1+phv on input line 100.

(/usr/share/texlive/texmf-dist/tex/latex/psnfss/t1phv.fd
File: t1phv.fd 2001/06/04 scalable font definitions for T1/phv.
)
Package microtype Info: Loading generic settings for font family
(microtype)             `phv' (encoding: T1).
(microtype)             For optimal results, create family-specific settings.
(microtype)             See the microtype manual for details.
LaTeX Font Info:    Font shape `T1/phv/bx/n' in size <9> not available
(Font)              Font shape `T1/phv/b/n' tried instead on input line 100.

Underfull \vbox (badness 10000) has occurred while \output is active []

 [5]
(./content/exponential.tex
Underfull \vbox (badness 2384) has occurred while \output is active []

 [6]pdfTeX warning (ext4): destination with the same identifier (name{equation.
5.1}) has been already used, duplicate ignored
<to be read again> 
                   \relax 
l.62 \end{align}
                pdfTeX warning (ext4): destination with the same identifier (na
me{equation.5.2}) has been already used, duplicate ignored
<to be read again> 
                   \relax 
l.62 \end{align}
                
Underfull \vbox (badness 3884) has occurred while \output is active []

 [7pdfTeX warning (ext4): destination with the same identifier (name{equation.5
.1}) has been already used, duplicate ignored

\AtBegShi@Output ...ipout \box \AtBeginShipoutBox 
                                                  \fi \fi 
l.62 \end{align}
                pdfTeX warning (ext4): destination with the same identifier (na
me{equation.5.2}) has been already used, duplicate ignored

\AtBegShi@Output ...ipout \box \AtBeginShipoutBox 
                                                  \fi \fi 
l.62 \end{align}
                ]
<figures/exponential_log_bridge.pdf, id=382, pagebox=cropbox, 1879.02pt x 433.6
2pt>
File: figures/exponential_log_bridge.pdf Graphic file (type pdf)
<use figures/exponential_log_bridge.pdf>
Package pdftex.def Info: figures/exponential_log_bridge.pdf  used on input line
 67. on input line 67.
Package pdftex.def Info: Requested size: 397.48499pt x 91.72453pt on input line
 67.
pdfTeX warning (ext4): destination with the same identifier (name{equation.5.1}
) has been already used, duplicate ignored
<to be read again> 
                   \relax 
l.80 \end{align}
                pdfTeX warning (ext4): destination with the same identifier (na
me{equation.5.2}) has been already used, duplicate ignored
<to be read again> 
                   \relax 
l.80 \end{align}
                pdfTeX warning (ext4): destination with the same identifier (na
me{equation.5.1}) has been already used, duplicate ignored
<to be read again> 
                   \relax 
l.103 \end{align}
                 pdfTeX warning (ext4): destination with the same identifier (n
ame{equation.5.2}) has been already used, duplicate ignored
<to be read again> 
                   \relax 
l.103 \end{align}
                 pdfTeX warning (ext4): destination with the same identifier (n
ame{equation.5.3}) has been already used, duplicate ignored
<to be read again> 
                   \relax 
l.103 \end{align}
                 
<figures/exponential_sqrt_bridge.pdf, id=383, pagebox=cropbox, 1879.02pt x 433.
62pt>
File: figures/exponential_sqrt_bridge.pdf Graphic file (type pdf)
<use figures/exponential_sqrt_bridge.pdf>
Package pdftex.def Info: figures/exponential_sqrt_bridge.pdf  used on input lin
e 108. on input line 108.
Package pdftex.def Info: Requested size: 397.48499pt x 91.72453pt on input line
 108.
) (./content/gamma.tex [8pdfTeX warning (ext4): destination with the same ident
ifier (name{equation.5.3}) has been already used, duplicate ignored

\AtBegShi@Output ...ipout \box \AtBeginShipoutBox 
                                                  \fi \fi 
l.6 \end{equation}
                   <./figures/exponential_log_bridge.pdf>]
Underfull \vbox (badness 4913) has occurred while \output is active []

 [9 <./figures/exponential_sqrt_bridge.pdf>]pdfTeX warning (ext4): destination 
with the same identifier (name{equation.6.1}) has been already used, duplicate 
ignored
<to be read again> 
                   \relax 
l.76 \end{align}
                pdfTeX warning (ext4): destination with the same identifier (na
me{equation.6.2}) has been already used, duplicate ignored
<to be read again> 
                   \relax 
l.76 \end{align}
                
<figures/Gamma_log_bridge.pdf, id=505, pagebox=cropbox, 1662.21pt x 433.62pt>
File: figures/Gamma_log_bridge.pdf Graphic file (type pdf)
<use figures/Gamma_log_bridge.pdf>
Package pdftex.def Info: figures/Gamma_log_bridge.pdf  used on input line 81. o
n input line 81.
Package pdftex.def Info: Requested size: 397.48499pt x 103.68716pt on input lin
e 81.
pdfTeX warning (ext4): destination with the same identifier (name{equation.6.1}
) has been already used, duplicate ignored
<to be read again> 
                   \relax 
l.98 \end{align}
                pdfTeX warning (ext4): destination with the same identifier (na
me{equation.6.2}) has been already used, duplicate ignored
<to be read again> 
                   \relax 
l.98 \end{align}
                
Overfull \hbox (71.16142pt too wide) in paragraph at lines 98--98
[] 
 []


Underfull \vbox (badness 10000) has occurred while \output is active []

 [10pdfTeX warning (ext4): destination with the same identifier (name{equation.
6.1}) has been already used, duplicate ignored

\AtBegShi@Output ...ipout \box \AtBeginShipoutBox 
                                                  \fi \fi 
l.98 \end{align}
                pdfTeX warning (ext4): destination with the same identifier (na
me{equation.6.2}) has been already used, duplicate ignored

\AtBegShi@Output ...ipout \box \AtBeginShipoutBox 
                                                  \fi \fi 
l.98 \end{align}
                pdfTeX warning (ext4): destination with the same identifier (na
me{equation.6.3}) has been already used, duplicate ignored

\AtBegShi@Output ...ipout \box \AtBeginShipoutBox 
                                                  \fi \fi 
l.98 \end{align}
                ]pdfTeX warning (ext4): destination with the same identifier (n
ame{equation.6.1}) has been already used, duplicate ignored
<to be read again> 
                   \relax 
l.128 \end{align}
                 pdfTeX warning (ext4): destination with the same identifier (n
ame{equation.6.2}) has been already used, duplicate ignored
<to be read again> 
                   \relax 
l.128 \end{align}
                 pdfTeX warning (ext4): destination with the same identifier (n
ame{equation.6.3}) has been already used, duplicate ignored
<to be read again> 
                   \relax 
l.128 \end{align}
                 pdfTeX warning (ext4): destination with the same identifier (n
ame{equation.6.4}) has been already used, duplicate ignored
<to be read again> 
                   \relax 
l.128 \end{align}
                  [11pdfTeX warning (ext4): destination with the same identifie
r (name{equation.6.3}) has been already used, duplicate ignored

\AtBegShi@Output ...ipout \box \AtBeginShipoutBox 
                                                  \fi \fi 
l.128 \end{align}
                 pdfTeX warning (ext4): destination with the same identifier (n
ame{equation.6.4}) has been already used, duplicate ignored

\AtBegShi@Output ...ipout \box \AtBeginShipoutBox 
                                                  \fi \fi 
l.128 \end{align}
                  <./figures/Gamma_log_bridge.pdf>]
<figures/Gamma_sqrt_bridge.pdf, id=576, pagebox=cropbox, 1662.21pt x 433.62pt>
File: figures/Gamma_sqrt_bridge.pdf Graphic file (type pdf)
<use figures/Gamma_sqrt_bridge.pdf>
Package pdftex.def Info: figures/Gamma_sqrt_bridge.pdf  used on input line 133.
 on input line 133.
Package pdftex.def Info: Requested size: 397.48499pt x 103.68716pt on input lin
e 133.
)
(./content/inverse_gamma.tex [12 <./figures/Gamma_sqrt_bridge.pdf>]pdfTeX warni
ng (ext4): destination with the same identifier (name{equation.7.1}) has been a
lready used, duplicate ignored
<to be read again> 
                   \relax 
l.38 \end{align}
                pdfTeX warning (ext4): destination with the same identifier (na
me{equation.7.2}) has been already used, duplicate ignored
<to be read again> 
                   \relax 
l.38 \end{align}
                pdfTeX warning (ext4): destination with the same identifier (na
me{equation.7.1}) has been already used, duplicate ignored
<to be read again> 
                   \relax 
l.64 \end{align}
                pdfTeX warning (ext4): destination with the same identifier (na
me{equation.7.2}) has been already used, duplicate ignored
<to be read again> 
                   \relax 
l.64 \end{align}
                
<figures/inverse_gamma_log_bridge.pdf, id=638, pagebox=cropbox, 1662.21pt x 433
.62pt>
File: figures/inverse_gamma_log_bridge.pdf Graphic file (type pdf)
<use figures/inverse_gamma_log_bridge.pdf>
Package pdftex.def Info: figures/inverse_gamma_log_bridge.pdf  used on input li
ne 69. on input line 69.
Package pdftex.def Info: Requested size: 397.48499pt x 103.68716pt on input lin
e 69.
pdfTeX warning (ext4): destination with the same identifier (name{equation.7.1}
) has been already used, duplicate ignored
<to be read again> 
                   \relax 
l.84 \end{align}
                pdfTeX warning (ext4): destination with the same identifier (na
me{equation.7.2}) has been already used, duplicate ignored
<to be read again> 
                   \relax 
l.84 \end{align}
                 [13pdfTeX warning (ext4): destination with the same identifier
 (name{equation.7.3}) has been already used, duplicate ignored

\AtBegShi@Output ...ipout \box \AtBeginShipoutBox 
                                                  \fi \fi 
l.90 \subsubsection
                   {Laplace Approximation of the sqrt-transformed Inverse Ga...
pdfTeX warning (ext4): destination with the same identifier (name{equation.7.3}
) has been already used, duplicate ignored

\AtBegShi@Output ...ipout \box \AtBeginShipoutBox 
                                                  \fi \fi 
l.90 \subsubsection
                   {Laplace Approximation of the sqrt-transformed Inverse Ga...
]pdfTeX warning (ext4): destination with the same identifier (name{equation.7.1
}) has been already used, duplicate ignored
<to be read again> 
                   \relax 
l.111 \end{align}
                 pdfTeX warning (ext4): destination with the same identifier (n
ame{equation.7.2}) has been already used, duplicate ignored
<to be read again> 
                   \relax 
l.111 \end{align}
                 pdfTeX warning (ext4): destination with the same identifier (n
ame{equation.7.3}) has been already used, duplicate ignored
<to be read again> 
                   \relax 
l.111 \end{align}
                 pdfTeX warning (ext4): destination with the same identifier (n
ame{equation.7.4}) has been already used, duplicate ignored
<to be read again> 
                   \relax 
l.111 \end{align}
                 
<figures/inverse_gamma_sqrt_bridge.pdf, id=649, pagebox=cropbox, 1662.21pt x 43
3.62pt>
File: figures/inverse_gamma_sqrt_bridge.pdf Graphic file (type pdf)
<use figures/inverse_gamma_sqrt_bridge.pdf>
Package pdftex.def Info: figures/inverse_gamma_sqrt_bridge.pdf  used on input l
ine 116. on input line 116.
Package pdftex.def Info: Requested size: 397.48499pt x 103.68716pt on input lin
e 116.
) (./content/chi2.tex [14 <./figures/inverse_gamma_log_bridge.pdf>]pdfTeX warni
ng (ext4): destination with the same identifier (name{equation.8.1}) has been a
lready used, duplicate ignored
<to be read again> 
                   \relax 
l.34 \end{align}
                pdfTeX warning (ext4): destination with the same identifier (na
me{equation.8.2}) has been already used, duplicate ignored
<to be read again> 
                   \relax 
l.34 \end{align}
                
Underfull \vbox (badness 10000) has occurred while \output is active []

 [15 <./figures/inverse_gamma_sqrt_bridge.pdf>]pdfTeX warning (ext4): destinati
on with the same identifier (name{equation.8.1}) has been already used, duplica
te ignored
<to be read again> 
                   \relax 
l.60 \end{align}
                pdfTeX warning (ext4): destination with the same identifier (na
me{equation.8.2}) has been already used, duplicate ignored
<to be read again> 
                   \relax 
l.60 \end{align}
                pdfTeX warning (ext4): destination with the same identifier (na
me{equation.8.3}) has been already used, duplicate ignored
<to be read again> 
                   \relax 
l.60 \end{align}
                
<figures/chi2_log_bridge.pdf, id=772, pagebox=cropbox, 1662.21pt x 433.62pt>
File: figures/chi2_log_bridge.pdf Graphic file (type pdf)
<use figures/chi2_log_bridge.pdf>
Package pdftex.def Info: figures/chi2_log_bridge.pdf  used on input line 65. on
 input line 65.
Package pdftex.def Info: Requested size: 397.48499pt x 103.68716pt on input lin
e 65.
pdfTeX warning (ext4): destination with the same identifier (name{equation.8.1}
) has been already used, duplicate ignored
<to be read again> 
                   \relax 
l.79 \end{align}
                pdfTeX warning (ext4): destination with the same identifier (na
me{equation.8.2}) has been already used, duplicate ignored
<to be read again> 
                   \relax 
l.79 \end{align}
                pdfTeX warning (ext4): destination with the same identifier (na
me{equation.8.3}) has been already used, duplicate ignored
<to be read again> 
                   \relax 
l.79 \end{align}
                

LaTeX Warning: Reference `sec:appendix_A' on page 16 undefined on input line 82
.

[16 <./figures/chi2_log_bridge.pdf>]pdfTeX warning (ext4): destination with the
 same identifier (name{equation.8.1}) has been already used, duplicate ignored
<to be read again> 
                   \relax 
l.102 \end{align}
                 pdfTeX warning (ext4): destination with the same identifier (n
ame{equation.8.2}) has been already used, duplicate ignored
<to be read again> 
                   \relax 
l.102 \end{align}
                 pdfTeX warning (ext4): destination with the same identifier (n
ame{equation.8.3}) has been already used, duplicate ignored
<to be read again> 
                   \relax 
l.102 \end{align}
                 
<figures/chi2_sqrt_bridge.pdf, id=833, pagebox=cropbox, 1662.21pt x 433.62pt>
File: figures/chi2_sqrt_bridge.pdf Graphic file (type pdf)
<use figures/chi2_sqrt_bridge.pdf>
Package pdftex.def Info: figures/chi2_sqrt_bridge.pdf  used on input line 107. 
on input line 107.
Package pdftex.def Info: Requested size: 397.48499pt x 103.68716pt on input lin
e 107.
) (./content/beta.tex [17 <./figures/chi2_sqrt_bridge.pdf>]pdfTeX warning (ext4
): destination with the same identifier (name{equation.9.1}) has been already u
sed, duplicate ignored
<to be read again> 
                   \relax 
l.40 \end{align}
                pdfTeX warning (ext4): destination with the same identifier (na
me{equation.9.2}) has been already used, duplicate ignored
<to be read again> 
                   \relax 
l.40 \end{align}
                
Overfull \hbox (34.59062pt too wide) in paragraph at lines 40--40
[] 
 []

pdfTeX warning (ext4): destination with the same identifier (name{equation.9.1}
) has been already used, duplicate ignored
<to be read again> 
                   \relax 
l.68 \end{align}
                pdfTeX warning (ext4): destination with the same identifier (na
me{equation.9.2}) has been already used, duplicate ignored
<to be read again> 
                   \relax 
l.68 \end{align}
                pdfTeX warning (ext4): destination with the same identifier (na
me{equation.9.3}) has been already used, duplicate ignored
<to be read again> 
                   \relax 
l.68 \end{align}
                
Underfull \vbox (badness 2012) has occurred while \output is active []

 [18]
<figures/beta_logit_bridge.pdf, id=902, pagebox=cropbox, 1662.21pt x 433.62pt>
File: figures/beta_logit_bridge.pdf Graphic file (type pdf)
<use figures/beta_logit_bridge.pdf>
Package pdftex.def Info: figures/beta_logit_bridge.pdf  used on input line 73. 
on input line 73.
Package pdftex.def Info: Requested size: 397.48499pt x 103.68716pt on input lin
e 73.
)
(./content/dirichlet.tex
Underfull \vbox (badness 10000) has occurred while \output is active []

 [19 <./figures/beta_logit_bridge.pdf>]pdfTeX warning (ext4): destination with 
the same identifier (name{equation.10.1}) has been already used, duplicate igno
red
<to be read again> 
                   \relax 
l.66 \end{align}
                pdfTeX warning (ext4): destination with the same identifier (na
me{equation.10.2}) has been already used, duplicate ignored
<to be read again> 
                   \relax 
l.66 \end{align}
                pdfTeX warning (ext4): destination with the same identifier (na
me{equation.10.3}) has been already used, duplicate ignored
<to be read again> 
                   \relax 
l.66 \end{align}
                pdfTeX warning (ext4): destination with the same identifier (na
me{equation.10.1}) has been already used, duplicate ignored
<to be read again> 
                   \relax 
l.81 \end{align}
                pdfTeX warning (ext4): destination with the same identifier (na
me{equation.10.2}) has been already used, duplicate ignored
<to be read again> 
                   \relax 
l.81 \end{align}
                pdfTeX warning (ext4): destination with the same identifier (na
me{equation.10.3}) has been already used, duplicate ignored
<to be read again> 
                   \relax 
l.81 \end{align}
                pdfTeX warning (ext4): destination with the same identifier (na
me{equation.10.4}) has been already used, duplicate ignored
<to be read again> 
                   \relax 
l.81 \end{align}
                pdfTeX warning (ext4): destination with the same identifier (na
me{equation.10.5}) has been already used, duplicate ignored
<to be read again> 
                   \relax 
l.81 \end{align}
                 [20]pdfTeX warning (ext4): destination with the same identifie
r (name{equation.10.1}) has been already used, duplicate ignored
<to be read again> 
                   \relax 
l.96 \end{align}
                pdfTeX warning (ext4): destination with the same identifier (na
me{equation.10.2}) has been already used, duplicate ignored
<to be read again> 
                   \relax 
l.96 \end{align}
                 [21]pdfTeX warning (ext4): destination with the same identifie
r (name{equation.10.1}) has been already used, duplicate ignored
<to be read again> 
                   \relax 
l.171 \end{align}
                 pdfTeX warning (ext4): destination with the same identifier (n
ame{equation.10.2}) has been already used, duplicate ignored
<to be read again> 
                   \relax 
l.171 \end{align}
                  [22]

Package natbib Warning: Citation `KernelTopicModels2012' on page 23 undefined o
n input line 175.

) (./content/wishart.tex
Overfull \hbox (5.7544pt too wide) in paragraph at lines 30--30
[] 
 []

[23]pdfTeX warning (ext4): destination with the same identifier (name{equation.
11.1}) has been already used, duplicate ignored
<to be read again> 
                   \relax 
l.71 \end{align}
                pdfTeX warning (ext4): destination with the same identifier (na
me{equation.11.2}) has been already used, duplicate ignored
<to be read again> 
                   \relax 
l.71 \end{align}
                pdfTeX warning (ext4): destination with the same identifier (na
me{equation.11.3}) has been already used, duplicate ignored
<to be read again> 
                   \relax 
l.71 \end{align}
                
Underfull \hbox (badness 3240) in paragraph at lines 74--75
[]\T1/ptm/m/n/10 (+20) with $\OML/cmm/m/it/10 h\OT1/cmr/m/n/10 (\OML/cmm/m/it/1
0 Y\OT1/cmr/m/n/10 ) = \OML/cmm/m/it/10 Y[]; ^^^\OT1/cmr/m/n/10 (\OML/cmm/m/it/
10 Y\OT1/cmr/m/n/10 ) = (\OML/cmm/m/it/10 Y; [] Y\OT1/cmr/m/n/10 )\OML/cmm/m/it
/10 ; w \OT1/cmr/m/n/10 = (\OML/cmm/m/it/10 n \OMS/cmsy/m/n/10 ^^@ \OML/cmm/m/i
t/10 p\OT1/cmr/m/n/10 )\OML/cmm/m/it/10 ; V[]$ \T1/ptm/m/n/10 (+20) and $\OML/c
mm/m/it/10 Z\OT1/cmr/m/n/10 (\OML/cmm/m/it/10 n; p; V\OT1/cmr/m/n/10 ) =
 []

pdfTeX warning (ext4): destination with the same identifier (name{equation.11.1
}) has been already used, duplicate ignored
<to be read again> 
                   \relax 
l.93 \end{align}
                pdfTeX warning (ext4): destination with the same identifier (na
me{equation.11.2}) has been already used, duplicate ignored
<to be read again> 
                   \relax 
l.93 \end{align}
                 [24]pdfTeX warning (ext4): destination with the same identifie
r (name{equation.11.1}) has been already used, duplicate ignored
<to be read again> 
                   \relax 
l.103 \end{align}
                 pdfTeX warning (ext4): destination with the same identifier (n
ame{equation.11.2}) has been already used, duplicate ignored
<to be read again> 
                   \relax 
l.103 \end{align}
                 pdfTeX warning (ext4): destination with the same identifier (n
ame{equation.11.3}) has been already used, duplicate ignored
<to be read again> 
                   \relax 
l.103 \end{align}
                 pdfTeX warning (ext4): destination with the same identifier (n
ame{equation.11.1}) has been already used, duplicate ignored
<to be read again> 
                   \relax 
l.112 \end{align}
                 pdfTeX warning (ext4): destination with the same identifier (n
ame{equation.11.2}) has been already used, duplicate ignored
<to be read again> 
                   \relax 
l.112 \end{align}
                 pdfTeX warning (ext4): destination with the same identifier (n
ame{equation.11.1}) has been already used, duplicate ignored
<to be read again> 
                   \relax 
l.124 \end{align}
                 pdfTeX warning (ext4): destination with the same identifier (n
ame{equation.11.2}) has been already used, duplicate ignored
<to be read again> 
                   \relax 
l.124 \end{align}
                 pdfTeX warning (ext4): destination with the same identifier (n
ame{equation.11.3}) has been already used, duplicate ignored
<to be read again> 
                   \relax 
l.124 \end{align}
                 pdfTeX warning (ext4): destination with the same identifier (n
ame{equation.11.1}) has been already used, duplicate ignored
<to be read again> 
                   \relax 
l.145 \end{align}
                 pdfTeX warning (ext4): destination with the same identifier (n
ame{equation.11.2}) has been already used, duplicate ignored
<to be read again> 
                   \relax 
l.145 \end{align}
                 pdfTeX warning (ext4): destination with the same identifier (n
ame{equation.11.3}) has been already used, duplicate ignored
<to be read again> 
                   \relax 
l.145 \end{align}
                 pdfTeX warning (ext4): destination with the same identifier (n
ame{equation.11.1}) has been already used, duplicate ignored
<to be read again> 
                   \relax 
l.158 \end{align}
                 pdfTeX warning (ext4): destination with the same identifier (n
ame{equation.11.2}) has been already used, duplicate ignored
<to be read again> 
                   \relax 
l.158 \end{align}
                 pdfTeX warning (ext4): destination with the same identifier (n
ame{equation.11.3}) has been already used, duplicate ignored
<to be read again> 
                   \relax 
l.158 \end{align}
                  [25pdfTeX warning (ext4): destination with the same identifie
r (name{equation.11.4}) has been already used, duplicate ignored

\AtBegShi@Output ...ipout \box \AtBeginShipoutBox 
                                                  \fi \fi 
l.158 \end{align}
                 ]
Underfull \hbox (badness 3492) in paragraph at lines 161--163
[]\T1/ptm/m/n/10 (+20) with $\OML/cmm/m/it/10 h\OT1/cmr/m/n/10 (\OML/cmm/m/it/1
0 Y\OT1/cmr/m/n/10 ) = 1\OML/cmm/m/it/10 ; ^^^\OT1/cmr/m/n/10 (\OML/cmm/m/it/10
 Y\OT1/cmr/m/n/10 ) = ([](\OML/cmm/m/it/10 Y\OT1/cmr/m/n/10 )\OML/cmm/m/it/10 ;
 Y[]\OT1/cmr/m/n/10 )\OML/cmm/m/it/10 ; ^^Q \OT1/cmr/m/n/10 = ((\OML/cmm/m/it/1
0 n \OMS/cmsy/m/n/10 ^^@ \OML/cmm/m/it/10 p\OT1/cmr/m/n/10 )\OML/cmm/m/it/10 ; 
V[]\OT1/cmr/m/n/10 )$ \T1/ptm/m/n/10 (+20) and $\OML/cmm/m/it/10 Z\OT1/cmr/m/n/
10 (\OML/cmm/m/it/10 n; p; V\OT1/cmr/m/n/10 ) =
 []

pdfTeX warning (ext4): destination with the same identifier (name{equation.11.1
}) has been already used, duplicate ignored
<to be read again> 
                   \relax 
l.175 \end{align}
                 pdfTeX warning (ext4): destination with the same identifier (n
ame{equation.11.2}) has been already used, duplicate ignored
<to be read again> 
                   \relax 
l.175 \end{align}
                 pdfTeX warning (ext4): destination with the same identifier (n
ame{equation.11.3}) has been already used, duplicate ignored
<to be read again> 
                   \relax 
l.175 \end{align}
                 pdfTeX warning (ext4): destination with the same identifier (n
ame{equation.11.4}) has been already used, duplicate ignored
<to be read again> 
                   \relax 
l.175 \end{align}
                 pdfTeX warning (ext4): destination with the same identifier (n
ame{equation.11.5}) has been already used, duplicate ignored
<to be read again> 
                   \relax 
l.175 \end{align}
                 
Underfull \hbox (badness 1152) in paragraph at lines 178--179
[]\T1/ptm/m/n/10 (+20) THIS IS WHERE SOLV-ING FOR Y GETS COM-PLI-CATED. Maybe w
e can rewrite it
 []

pdfTeX warning (ext4): destination with the same identifier (name{equation.11.1
}) has been already used, duplicate ignored
<to be read again> 
                   \relax 
l.200 \end{align}
                 pdfTeX warning (ext4): destination with the same identifier (n
ame{equation.11.2}) has been already used, duplicate ignored
<to be read again> 
                   \relax 
l.200 \end{align}
                 pdfTeX warning (ext4): destination with the same identifier (n
ame{equation.11.3}) has been already used, duplicate ignored
<to be read again> 
                   \relax 
l.200 \end{align}
                 pdfTeX warning (ext4): destination with the same identifier (n
ame{equation.11.4}) has been already used, duplicate ignored
<to be read again> 
                   \relax 
l.200 \end{align}
                 pdfTeX warning (ext4): destination with the same identifier (n
ame{equation.11.5}) has been already used, duplicate ignored
<to be read again> 
                   \relax 
l.200 \end{align}
                 
Overfull \hbox (41.53555pt too wide) in paragraph at lines 200--200
[] 
 []


Underfull \vbox (badness 2042) has occurred while \output is active []

 [26pdfTeX warning (ext4): destination with the same identifier (name{equation.
11.4}) has been already used, duplicate ignored

\AtBegShi@Output ...ipout \box \AtBeginShipoutBox 
                                                  \fi \fi 
l.200 \end{align}
                 ]pdfTeX warning (ext4): destination with the same identifier (
name{equation.11.1}) has been already used, duplicate ignored
<to be read again> 
                   \relax 
l.216 \end{align}
                 pdfTeX warning (ext4): destination with the same identifier (n
ame{equation.11.2}) has been already used, duplicate ignored
<to be read again> 
                   \relax 
l.216 \end{align}
                 pdfTeX warning (ext4): destination with the same identifier (n
ame{equation.11.3}) has been already used, duplicate ignored
<to be read again> 
                   \relax 
l.216 \end{align}
                 pdfTeX warning (ext4): destination with the same identifier (n
ame{equation.11.4}) has been already used, duplicate ignored
<to be read again> 
                   \relax 
l.216 \end{align}
                 
<figures/wishart_sqrtm_bridge.pdf, id=1052, pagebox=cropbox, 1662.21pt x 433.62
pt>
File: figures/wishart_sqrtm_bridge.pdf Graphic file (type pdf)
<use figures/wishart_sqrtm_bridge.pdf>
Package pdftex.def Info: figures/wishart_sqrtm_bridge.pdf  used on input line 2
24. on input line 224.
Package pdftex.def Info: Requested size: 397.48499pt x 103.68716pt on input lin
e 224.
) (./content/inverse_wishart.tex
Underfull \vbox (badness 1509) has occurred while \output is active []

 [27 <./figures/wishart_sqrtm_bridge.pdf>]
Overfull \hbox (135.83313pt too wide) in paragraph at lines 50--50
[] 
 []


Underfull \vbox (badness 10000) has occurred while \output is active []

 [28pdfTeX warning (ext4): destination with the same identifier (name{equation.
12.1}) has been already used, duplicate ignored

\AtBegShi@Output ...ipout \box \AtBeginShipoutBox 
                                                  \fi \fi 
l.50 \end{align}
                pdfTeX warning (ext4): destination with the same identifier (na
me{equation.12.2}) has been already used, duplicate ignored

\AtBegShi@Output ...ipout \box \AtBeginShipoutBox 
                                                  \fi \fi 
l.50 \end{align}
                ]pdfTeX warning (ext4): destination with the same identifier (n
ame{equation.12.1}) has been already used, duplicate ignored
<to be read again> 
                   \relax 
l.64 \end{align}
                pdfTeX warning (ext4): destination with the same identifier (na
me{equation.12.2}) has been already used, duplicate ignored
<to be read again> 
                   \relax 
l.64 \end{align}
                pdfTeX warning (ext4): destination with the same identifier (na
me{equation.12.3}) has been already used, duplicate ignored
<to be read again> 
                   \relax 
l.64 \end{align}
                pdfTeX warning (ext4): destination with the same identifier (na
me{equation.12.1}) has been already used, duplicate ignored
<to be read again> 
                   \relax 
l.77 \end{align}
                pdfTeX warning (ext4): destination with the same identifier (na
me{equation.12.2}) has been already used, duplicate ignored
<to be read again> 
                   \relax 
l.77 \end{align}
                
Underfull \vbox (badness 10000) has occurred while \output is active []

 [29pdfTeX warning (ext4): destination with the same identifier (name{equation.
12.1}) has been already used, duplicate ignored

\AtBegShi@Output ...ipout \box \AtBeginShipoutBox 
                                                  \fi \fi 
l.77 \end{align}
                pdfTeX warning (ext4): destination with the same identifier (na
me{equation.12.2}) has been already used, duplicate ignored

\AtBegShi@Output ...ipout \box \AtBeginShipoutBox 
                                                  \fi \fi 
l.77 \end{align}
                pdfTeX warning (ext4): destination with the same identifier (na
me{equation.12.3}) has been already used, duplicate ignored

\AtBegShi@Output ...ipout \box \AtBeginShipoutBox 
                                                  \fi \fi 
l.77 \end{align}
                pdfTeX warning (ext4): destination with the same identifier (na
me{equation.12.4}) has been already used, duplicate ignored

\AtBegShi@Output ...ipout \box \AtBeginShipoutBox 
                                                  \fi \fi 
l.77 \end{align}
                pdfTeX warning (ext4): destination with the same identifier (na
me{equation.12.5}) has been already used, duplicate ignored

\AtBegShi@Output ...ipout \box \AtBeginShipoutBox 
                                                  \fi \fi 
l.77 \end{align}
                pdfTeX warning (ext4): destination with the same identifier (na
me{equation.12.6}) has been already used, duplicate ignored

\AtBegShi@Output ...ipout \box \AtBeginShipoutBox 
                                                  \fi \fi 
l.77 \end{align}
                ]pdfTeX warning (ext4): destination with the same identifier (n
ame{equation.12.1}) has been already used, duplicate ignored
<to be read again> 
                   \relax 
l.87 \end{align}
                pdfTeX warning (ext4): destination with the same identifier (na
me{equation.12.2}) has been already used, duplicate ignored
<to be read again> 
                   \relax 
l.87 \end{align}
                pdfTeX warning (ext4): destination with the same identifier (na
me{equation.12.3}) has been already used, duplicate ignored
<to be read again> 
                   \relax 
l.87 \end{align}
                pdfTeX warning (ext4): destination with the same identifier (na
me{equation.12.1}) has been already used, duplicate ignored
<to be read again> 
                   \relax 
l.99 \end{align}
                pdfTeX warning (ext4): destination with the same identifier (na
me{equation.12.2}) has been already used, duplicate ignored
<to be read again> 
                   \relax 
l.99 \end{align}
                pdfTeX warning (ext4): destination with the same identifier (na
me{equation.12.3}) has been already used, duplicate ignored
<to be read again> 
                   \relax 
l.99 \end{align}
                pdfTeX warning (ext4): destination with the same identifier (na
me{equation.12.4}) has been already used, duplicate ignored
<to be read again> 
                   \relax 
l.99 \end{align}
                pdfTeX warning (ext4): destination with the same identifier (na
me{equation.12.5}) has been already used, duplicate ignored
<to be read again> 
                   \relax 
l.99 \end{align}
                pdfTeX warning (ext4): destination with the same identifier (na
me{equation.12.1}) has been already used, duplicate ignored
<to be read again> 
                   \relax 
l.111 \end{align}
                 pdfTeX warning (ext4): destination with the same identifier (n
ame{equation.12.1}) has been already used, duplicate ignored
<to be read again> 
                   \relax 
l.122 \end{align}
                 pdfTeX warning (ext4): destination with the same identifier (n
ame{equation.12.2}) has been already used, duplicate ignored
<to be read again> 
                   \relax 
l.122 \end{align}
                 pdfTeX warning (ext4): destination with the same identifier (n
ame{equation.12.3}) has been already used, duplicate ignored
<to be read again> 
                   \relax 
l.122 \end{align}
                 pdfTeX warning (ext4): destination with the same identifier (n
ame{equation.12.4}) has been already used, duplicate ignored
<to be read again> 
                   \relax 
l.122 \end{align}
                 pdfTeX warning (ext4): destination with the same identifier (n
ame{equation.12.1}) has been already used, duplicate ignored
<to be read again> 
                   \relax 
l.137 \end{align}
                 pdfTeX warning (ext4): destination with the same identifier (n
ame{equation.12.2}) has been already used, duplicate ignored
<to be read again> 
                   \relax 
l.137 \end{align}
                 pdfTeX warning (ext4): destination with the same identifier (n
ame{equation.12.3}) has been already used, duplicate ignored
<to be read again> 
                   \relax 
l.137 \end{align}
                 pdfTeX warning (ext4): destination with the same identifier (n
ame{equation.12.4}) has been already used, duplicate ignored
<to be read again> 
                   \relax 
l.137 \end{align}
                  [30]pdfTeX warning (ext4): destination with the same identifi
er (name{equation.12.1}) has been already used, duplicate ignored
<to be read again> 
                   \relax 
l.159 \end{align}
                 pdfTeX warning (ext4): destination with the same identifier (n
ame{equation.12.2}) has been already used, duplicate ignored
<to be read again> 
                   \relax 
l.159 \end{align}
                 pdfTeX warning (ext4): destination with the same identifier (n
ame{equation.12.3}) has been already used, duplicate ignored
<to be read again> 
                   \relax 
l.159 \end{align}
                 pdfTeX warning (ext4): destination with the same identifier (n
ame{equation.12.4}) has been already used, duplicate ignored
<to be read again> 
                   \relax 
l.159 \end{align}
                 pdfTeX warning (ext4): destination with the same identifier (n
ame{equation.12.5}) has been already used, duplicate ignored
<to be read again> 
                   \relax 
l.159 \end{align}
                 
Overfull \hbox (31.1484pt too wide) in paragraph at lines 173--173
[] 
 []

pdfTeX warning (ext4): destination with the same identifier (name{equation.12.1
}) has been already used, duplicate ignored
<to be read again> 
                   \relax 
l.184 \end{align}
                 pdfTeX warning (ext4): destination with the same identifier (n
ame{equation.12.2}) has been already used, duplicate ignored
<to be read again> 
                   \relax 
l.184 \end{align}
                 pdfTeX warning (ext4): destination with the same identifier (n
ame{equation.12.3}) has been already used, duplicate ignored
<to be read again> 
                   \relax 
l.184 \end{align}
                 pdfTeX warning (ext4): destination with the same identifier (n
ame{equation.12.4}) has been already used, duplicate ignored
<to be read again> 
                   \relax 
l.184 \end{align}
                 pdfTeX warning (ext4): destination with the same identifier (n
ame{equation.12.5}) has been already used, duplicate ignored
<to be read again> 
                   \relax 
l.184 \end{align}
                 pdfTeX warning (ext4): destination with the same identifier (n
ame{equation.12.6}) has been already used, duplicate ignored
<to be read again> 
                   \relax 
l.184 \end{align}
                 
Overfull \hbox (33.9402pt too wide) in paragraph at lines 184--184
[] 
 []

[31]pdfTeX warning (ext4): destination with the same identifier (name{equation.
12.1}) has been already used, duplicate ignored
<to be read again> 
                   \relax 
l.202 \end{align}
                 pdfTeX warning (ext4): destination with the same identifier (n
ame{equation.12.2}) has been already used, duplicate ignored
<to be read again> 
                   \relax 
l.202 \end{align}
                 pdfTeX warning (ext4): destination with the same identifier (n
ame{equation.12.3}) has been already used, duplicate ignored
<to be read again> 
                   \relax 
l.202 \end{align}
                 pdfTeX warning (ext4): destination with the same identifier (n
ame{equation.12.4}) has been already used, duplicate ignored
<to be read again> 
                   \relax 
l.202 \end{align}
                 pdfTeX warning (ext4): destination with the same identifier (n
ame{equation.12.1}) has been already used, duplicate ignored
<to be read again> 
                   \relax 
l.217 \end{align}
                 pdfTeX warning (ext4): destination with the same identifier (n
ame{equation.12.2}) has been already used, duplicate ignored
<to be read again> 
                   \relax 
l.217 \end{align}
                 pdfTeX warning (ext4): destination with the same identifier (n
ame{equation.12.3}) has been already used, duplicate ignored
<to be read again> 
                   \relax 
l.217 \end{align}
                 pdfTeX warning (ext4): destination with the same identifier (n
ame{equation.12.4}) has been already used, duplicate ignored
<to be read again> 
                   \relax 
l.217 \end{align}
                 pdfTeX warning (ext4): destination with the same identifier (n
ame{equation.12.5}) has been already used, duplicate ignored
<to be read again> 
                   \relax 
l.217 \end{align}
                 pdfTeX warning (ext4): destination with the same identifier (n
ame{equation.12.6}) has been already used, duplicate ignored
<to be read again> 
                   \relax 
l.217 \end{align}
                 pdfTeX warning (ext4): destination with the same identifier (n
ame{equation.12.7}) has been already used, duplicate ignored
<to be read again> 
                   \relax 
l.217 \end{align}
                 
Overfull \hbox (55.12973pt too wide) in paragraph at lines 217--217
[] 
 []


Overfull \hbox (55.46825pt too wide) in paragraph at lines 220--221
\T1/cmtt/m/n/10 4281-[]efficient-[]inference-[]in-[]matrix-[]variate-[]gaussian
-[]models-[]with-[]iid-[]observation-[]noise .
 []

) (./content/math_rules.tex [32])

Package natbib Warning: There were undefined citations.

Package atveryend Info: Empty hook `BeforeClearDocument' on input line 266.
[33]
Package atveryend Info: Empty hook `AfterLastShipout' on input line 266.
 (./Generalized_Laplace_Bridge.aux)
Package atveryend Info: Executing hook `AtVeryEndDocument' on input line 266.
Package atveryend Info: Executing hook `AtEndAfterFileList' on input line 266.
Package rerunfilecheck Info: File `Generalized_Laplace_Bridge.out' has not chan
ged.
(rerunfilecheck)             Checksum: A092BDE38DB048C74443757D28C4AC3B;7485.


LaTeX Warning: There were undefined references.

Package atveryend Info: Empty hook `AtVeryVeryEnd' on input line 266.
 ) 
Here is how much of TeX's memory you used:
 12142 strings out of 492995
 179492 string characters out of 6135074
 339998 words of memory out of 5000000
 15105 multiletter control sequences out of 15000+600000
 43485 words of font info for 118 fonts, out of 8000000 for 9000
 1141 hyphenation exceptions out of 8191
 44i,18n,42p,1176b,404s stack positions out of 5000i,500n,10000p,200000b,80000s
{/usr/share/texlive/texmf-dist/fonts/enc/dvips/base/8r.enc}{/usr/share/texmf/
fonts/enc/dvips/cm-super/cm-super-t1.enc}</usr/share/texlive/texmf-dist/fonts/t
ype1/public/amsfonts/cm/cmbx10.pfb></usr/share/texlive/texmf-dist/fonts/type1/p
ublic/amsfonts/cm/cmbx5.pfb></usr/share/texlive/texmf-dist/fonts/type1/public/a
msfonts/cm/cmbx7.pfb></usr/share/texlive/texmf-dist/fonts/type1/public/amsfonts
/cm/cmex10.pfb></usr/share/texlive/texmf-dist/fonts/type1/public/amsfonts/cmext
ra/cmex7.pfb></usr/share/texlive/texmf-dist/fonts/type1/public/amsfonts/cm/cmmi
10.pfb></usr/share/texlive/texmf-dist/fonts/type1/public/amsfonts/cm/cmmi5.pfb>
</usr/share/texlive/texmf-dist/fonts/type1/public/amsfonts/cm/cmmi7.pfb></usr/s
hare/texlive/texmf-dist/fonts/type1/public/amsfonts/cm/cmmib10.pfb></usr/share/
texlive/texmf-dist/fonts/type1/public/amsfonts/cm/cmr10.pfb></usr/share/texlive
/texmf-dist/fonts/type1/public/amsfonts/cm/cmr5.pfb></usr/share/texlive/texmf-d
ist/fonts/type1/public/amsfonts/cm/cmr7.pfb></usr/share/texlive/texmf-dist/font
s/type1/public/amsfonts/cm/cmsy10.pfb></usr/share/texlive/texmf-dist/fonts/type
1/public/amsfonts/cm/cmsy5.pfb></usr/share/texlive/texmf-dist/fonts/type1/publi
c/amsfonts/cm/cmsy7.pfb></usr/share/texlive/texmf-dist/fonts/type1/public/amsfo
nts/symbols/msam10.pfb></usr/share/texlive/texmf-dist/fonts/type1/public/amsfon
ts/symbols/msbm10.pfb></usr/share/texmf/fonts/type1/public/cm-super/sftt1000.pf
b></usr/share/texlive/texmf-dist/fonts/type1/urw/helvetic/uhvb8a.pfb></usr/shar
e/texlive/texmf-dist/fonts/type1/urw/helvetic/uhvr8a.pfb></usr/share/texlive/te
xmf-dist/fonts/type1/urw/times/utmb8a.pfb></usr/share/texlive/texmf-dist/fonts/
type1/urw/times/utmr8a.pfb></usr/share/texlive/texmf-dist/fonts/type1/urw/times
/utmri8a.pfb>
Output written on Generalized_Laplace_Bridge.pdf (33 pages, 675081 bytes).
PDF statistics:
 1292 PDF objects out of 1440 (max. 8388607)
 874 compressed objects within 9 object streams
 258 named destinations out of 1000 (max. 500000)
 24227 words of extra memory for PDF output out of 24883 (max. 10000000)

