\BOOKMARK [1][-]{section.1}{Introduction}{}% 1
\BOOKMARK [1][-]{section.2}{General Information}{}% 2
\BOOKMARK [2][-]{subsection.2.1}{Change of Variable for Probability Density Function}{section.2}% 3
\BOOKMARK [2][-]{subsection.2.2}{Laplace Approximation}{section.2}% 4
\BOOKMARK [1][-]{section.3}{Dirichlet Distribution}{}% 5
\BOOKMARK [1][-]{section.4}{Gamma Distribution}{}% 6
\BOOKMARK [2][-]{subsection.4.1}{Standard Gamma Distribution}{section.4}% 7
\BOOKMARK [3][-]{subsubsection.4.1.1}{PDF of the Gamma Distribution}{subsection.4.1}% 8
\BOOKMARK [3][-]{subsubsection.4.1.2}{Laplace Approximation of the Gamma Distribution}{subsection.4.1}% 9
\BOOKMARK [2][-]{subsection.4.2}{Log-Transform of the Gamma Distribution}{section.4}% 10
\BOOKMARK [3][-]{subsubsection.4.2.1}{Log-Transformation}{subsection.4.2}% 11
\BOOKMARK [3][-]{subsubsection.4.2.2}{PDF of the log-transformed Gamma Distribution}{subsection.4.2}% 12
\BOOKMARK [3][-]{subsubsection.4.2.3}{Laplace Approximation of the log-transformed Gamma Distribution}{subsection.4.2}% 13
\BOOKMARK [2][-]{subsection.4.3}{Comparison}{section.4}% 14
\BOOKMARK [1][-]{section.5}{Beta Distribution}{}% 15
\BOOKMARK [2][-]{subsection.5.1}{Standard Beta Distribution}{section.5}% 16
\BOOKMARK [3][-]{subsubsection.5.1.1}{Pdf of the Beta Distribution}{subsection.5.1}% 17
\BOOKMARK [3][-]{subsubsection.5.1.2}{Laplace approximation of the Beta distribution}{subsection.5.1}% 18
\BOOKMARK [2][-]{subsection.5.2}{Logit-Transform of the Beta distribution}{section.5}% 19
\BOOKMARK [3][-]{subsubsection.5.2.1}{Logit-Transform}{subsection.5.2}% 20
\BOOKMARK [3][-]{subsubsection.5.2.2}{Pdf after logit transform}{subsection.5.2}% 21
\BOOKMARK [3][-]{subsubsection.5.2.3}{LPA of the logit distribution after transform}{subsection.5.2}% 22
\BOOKMARK [2][-]{subsection.5.3}{Comparison}{section.5}% 23
\BOOKMARK [1][-]{section.6}{Chi-squared Distribution}{}% 24
\BOOKMARK [1][-]{section.7}{Wishart Distribution}{}% 25
\BOOKMARK [1][-]{section.8}{Inverse Wishart Distribution}{}% 26
